
0.0.4

  * msi: fix msi build, got error=error LGHT0204 : ICE39: Bad Type in Summary Information Stream for PID_SUBJECT

  - mh-cbon <mh-cbon@users.noreply.github.com>

-- mh-cbon <mh-cbon@users.noreply.github.com>; Sat, 23 Jul 2016 20:01:35 +0200



0.0.3

  * changelog: init
  * packaging: add rpm/deb/msi support
  * README: update install section
  * release: update release script

  - mh-cbon <mh-cbon@users.noreply.github.com>

-- mh-cbon <mh-cbon@users.noreply.github.com>; Sat, 23 Jul 2016 19:54:12 +0200



0.0.2

  * improve release scripts
  * improve output, catch error codes

  - mh-cbon <mh-cbon@users.noreply.github.com>

-- mh-cbon <mh-cbon@users.noreply.github.com>; Sat, 18 Jun 2016 23:29:15 +0200



0.0.1

  * Initial release

  - mh-cbon <mh-cbon@users.noreply.github.com>

-- mh-cbon <mh-cbon@users.noreply.github.com>; Sat, 18 Jun 2016 18:40:42 +0200


